<?xml version="1.0" encoding="UTF-8" standalone="yes"?>
<ns2:test-suite xmlns:ns2="urn:model.allure.qatools.yandex.ru" start="1460635178448" stop="1460635191985" version="1.4.5">
    <name>Default Suite</name>
    <title>Default Suite : jdi-uitest-framework[]</title>
    <test-cases>
        <test-case start="1460635179145" stop="1460635191984" status="failed">
            <name>open_About_Then_Events_Page</name>
            <failure>
                <message>AssertionError: Check that condition 'false' is True failed</message>
                <stack-trace>java.lang.AssertionError: Check that condition 'false' is True failed
	at org.testng.Assert.fail(Assert.java:94)
	at com.epam.web.matcher.base.BaseMatcher.assertException(BaseMatcher.java:155)
	at com.epam.web.matcher.base.BaseMatcher.assertAction(BaseMatcher.java:134)
	at com.epam.web.matcher.base.BaseMatcher.assertAction(BaseMatcher.java:110)
	at com.epam.web.matcher.base.BaseMatcher.isTrue(BaseMatcher.java:206)
	at com.epam.web.matcher.base.BaseMatcher.isTrue(BaseMatcher.java:209)
	at com.epam.jdi.uitests.web.selenium.elements.composite.WebPage$StringCheckType.check(WebPage.java:208)
	at com.epam.jdi.uitests.web.selenium.elements.composite.WebPage.checkOpened(WebPage.java:99)
	at com.epam.jdi.uitests.testing.headermenu.common.tests.MenuTests.open_About_Then_Events_Page(MenuTests.java:36)
	at sun.reflect.NativeMethodAccessorImpl.invoke0(Native Method)
	at sun.reflect.NativeMethodAccessorImpl.invoke(NativeMethodAccessorImpl.java:62)
	at sun.reflect.DelegatingMethodAccessorImpl.invoke(DelegatingMethodAccessorImpl.java:43)
	at java.lang.reflect.Method.invoke(Method.java:497)
	at org.testng.internal.MethodInvocationHelper.invokeMethod(MethodInvocationHelper.java:84)
	at org.testng.internal.Invoker.invokeMethod(Invoker.java:714)
	at org.testng.internal.Invoker.invokeTestMethod(Invoker.java:901)
	at org.testng.internal.Invoker.invokeTestMethods(Invoker.java:1231)
	at org.testng.internal.TestMethodWorker.invokeTestMethods(TestMethodWorker.java:127)
	at org.testng.internal.TestMethodWorker.run(TestMethodWorker.java:111)
	at org.testng.TestRunner.privateRun(TestRunner.java:767)
	at org.testng.TestRunner.run(TestRunner.java:617)
	at org.testng.SuiteRunner.runTest(SuiteRunner.java:334)
	at org.testng.SuiteRunner.runSequentially(SuiteRunner.java:329)
	at org.testng.SuiteRunner.privateRun(SuiteRunner.java:291)
	at org.testng.SuiteRunner.run(SuiteRunner.java:240)
	at org.testng.SuiteRunnerWorker.runSuite(SuiteRunnerWorker.java:52)
	at org.testng.SuiteRunnerWorker.run(SuiteRunnerWorker.java:86)
	at org.testng.TestNG.runSuitesSequentially(TestNG.java:1224)
	at org.testng.TestNG.runSuitesLocally(TestNG.java:1149)
	at org.testng.TestNG.run(TestNG.java:1057)
	at org.testng.IDEARemoteTestNG.run(IDEARemoteTestNG.java:74)
	at org.testng.RemoteTestNGStarter.main(RemoteTestNGStarter.java:121)
	at sun.reflect.NativeMethodAccessorImpl.invoke0(Native Method)
	at sun.reflect.NativeMethodAccessorImpl.invoke(NativeMethodAccessorImpl.java:62)
	at sun.reflect.DelegatingMethodAccessorImpl.invoke(DelegatingMethodAccessorImpl.java:43)
	at java.lang.reflect.Method.invoke(Method.java:497)
	at com.intellij.rt.execution.application.AppMain.main(AppMain.java:144)
</stack-trace>
            </failure>
            <steps/>
            <attachments/>
            <labels>
                <label name="host" value="EPRUPETW6283"/>
                <label name="thread" value="1636@EPRUPETW6283.main"/>
            </labels>
        </test-case>
    </test-cases>
    <labels>
        <label name="framework" value="TestNG"/>
        <label name="language" value="JAVA"/>
    </labels>
</ns2:test-suite>
