<?xml version="1.0" encoding="UTF-8" standalone="yes"?>
<ns2:test-suite xmlns:ns2="urn:model.allure.qatools.yandex.ru" start="1460645234260" stop="1460645238111" version="1.4.5">
    <name>Default Suite</name>
    <title>Default Suite : jdi-uitest-framework[]</title>
    <test-cases>
        <test-case start="1460645235003" stop="1460645238109" status="failed">
            <name>checkCurrentYearByDefault</name>
            <failure>
                <message>AssertionError: Failed to do 'Get text' action. Reason: java.lang.AssertionError: Do action Get text failed. Can't got result. Reason: java.lang.NullPointerException</message>
                <stack-trace>java.lang.AssertionError: Failed to do 'Get text' action. Reason: java.lang.AssertionError: Do action Get text failed. Can't got result. Reason: java.lang.NullPointerException
	at org.testng.Assert.fail(Assert.java:94)
	at com.epam.web.matcher.base.BaseMatcher.assertException(BaseMatcher.java:155)
	at com.epam.web.matcher.base.BaseMatcher.exception(BaseMatcher.java:146)
	at com.epam.jdi.uitests.core.settings.JDISettings.exception(JDISettings.java:91)
	at com.epam.jdi.uitests.web.selenium.elements.actions.ActionInvoker.doJActionResult(ActionInvoker.java:65)
	at com.epam.jdi.uitests.web.selenium.elements.actions.ActionInvoker.doJActionResult(ActionInvoker.java:48)
	at com.epam.jdi.uitests.web.selenium.elements.actions.ElementsActions.getText(ElementsActions.java:85)
	at com.epam.jdi.uitests.web.selenium.elements.complex.Dropdown.getText(Dropdown.java:160)
	at com.epam.jdi.uitests.testing.career.common.tests.EventsTests.checkCurrentYearByDefault(EventsTests.java:41)
	at sun.reflect.NativeMethodAccessorImpl.invoke0(Native Method)
	at sun.reflect.NativeMethodAccessorImpl.invoke(NativeMethodAccessorImpl.java:62)
	at sun.reflect.DelegatingMethodAccessorImpl.invoke(DelegatingMethodAccessorImpl.java:43)
	at java.lang.reflect.Method.invoke(Method.java:497)
	at org.testng.internal.MethodInvocationHelper.invokeMethod(MethodInvocationHelper.java:84)
	at org.testng.internal.Invoker.invokeMethod(Invoker.java:714)
	at org.testng.internal.Invoker.invokeTestMethod(Invoker.java:901)
	at org.testng.internal.Invoker.invokeTestMethods(Invoker.java:1231)
	at org.testng.internal.TestMethodWorker.invokeTestMethods(TestMethodWorker.java:127)
	at org.testng.internal.TestMethodWorker.run(TestMethodWorker.java:111)
	at org.testng.TestRunner.privateRun(TestRunner.java:767)
	at org.testng.TestRunner.run(TestRunner.java:617)
	at org.testng.SuiteRunner.runTest(SuiteRunner.java:334)
	at org.testng.SuiteRunner.runSequentially(SuiteRunner.java:329)
	at org.testng.SuiteRunner.privateRun(SuiteRunner.java:291)
	at org.testng.SuiteRunner.run(SuiteRunner.java:240)
	at org.testng.SuiteRunnerWorker.runSuite(SuiteRunnerWorker.java:52)
	at org.testng.SuiteRunnerWorker.run(SuiteRunnerWorker.java:86)
	at org.testng.TestNG.runSuitesSequentially(TestNG.java:1224)
	at org.testng.TestNG.runSuitesLocally(TestNG.java:1149)
	at org.testng.TestNG.run(TestNG.java:1057)
	at org.testng.IDEARemoteTestNG.run(IDEARemoteTestNG.java:74)
	at org.testng.RemoteTestNGStarter.main(RemoteTestNGStarter.java:121)
	at sun.reflect.NativeMethodAccessorImpl.invoke0(Native Method)
	at sun.reflect.NativeMethodAccessorImpl.invoke(NativeMethodAccessorImpl.java:62)
	at sun.reflect.DelegatingMethodAccessorImpl.invoke(DelegatingMethodAccessorImpl.java:43)
	at java.lang.reflect.Method.invoke(Method.java:497)
	at com.intellij.rt.execution.application.AppMain.main(AppMain.java:144)
</stack-trace>
            </failure>
            <steps/>
            <attachments/>
            <labels>
                <label name="host" value="EPRUPETW6283"/>
                <label name="thread" value="11344@EPRUPETW6283.main"/>
            </labels>
        </test-case>
    </test-cases>
    <labels>
        <label name="framework" value="TestNG"/>
        <label name="language" value="JAVA"/>
    </labels>
</ns2:test-suite>
