<?xml version="1.0" encoding="UTF-8" standalone="yes"?>
<ns2:test-suite xmlns:ns2="urn:model.allure.qatools.yandex.ru" start="1460632474168" stop="1460632480207" version="1.4.5">
    <name>Default Suite</name>
    <title>Default Suite : jdi-uitest-framework[]</title>
    <test-cases>
        <test-case start="1460632474902" stop="1460632480206" status="broken">
            <name>open_About_Then_Events_Page</name>
            <failure>
                <message>RuntimeException: java.lang.RuntimeException: java.lang.AssertionError: Can't find option 'Events'. Please fix allLabelsLocator</message>
                <stack-trace>java.lang.RuntimeException: java.lang.RuntimeException: java.lang.AssertionError: Can't find option 'Events'. Please fix allLabelsLocator
	at com.epam.commons.Timer.wait(Timer.java:128)
	at com.epam.commons.Timer.alwaysDoneAction(Timer.java:90)
	at com.epam.jdi.uitests.web.selenium.elements.actions.ActionInvoker.doJAction(ActionInvoker.java:74)
	at com.epam.jdi.uitests.web.selenium.elements.actions.ActionInvoker.doJAction(ActionInvoker.java:70)
	at com.epam.jdi.uitests.web.selenium.elements.actions.ElementsActions.select(ElementsActions.java:150)
	at com.epam.jdi.uitests.web.selenium.elements.complex.Selector.select(Selector.java:50)
	at com.epam.jdi.uitests.web.selenium.elements.complex.Selector.select(Selector.java:54)
	at com.epam.jdi.uitests.testing.appln.page_objects.site.sections.TopSubMenu.selectSubItem(TopSubMenu.java:21)
	at com.epam.jdi.uitests.testing.headermenu.common.tests.MenuTests.open_About_Then_Events_Page(MenuTests.java:36)
	at sun.reflect.NativeMethodAccessorImpl.invoke0(Native Method)
	at sun.reflect.NativeMethodAccessorImpl.invoke(NativeMethodAccessorImpl.java:62)
	at sun.reflect.DelegatingMethodAccessorImpl.invoke(DelegatingMethodAccessorImpl.java:43)
	at java.lang.reflect.Method.invoke(Method.java:497)
	at org.testng.internal.MethodInvocationHelper.invokeMethod(MethodInvocationHelper.java:84)
	at org.testng.internal.Invoker.invokeMethod(Invoker.java:714)
	at org.testng.internal.Invoker.invokeTestMethod(Invoker.java:901)
	at org.testng.internal.Invoker.invokeTestMethods(Invoker.java:1231)
	at org.testng.internal.TestMethodWorker.invokeTestMethods(TestMethodWorker.java:127)
	at org.testng.internal.TestMethodWorker.run(TestMethodWorker.java:111)
	at org.testng.TestRunner.privateRun(TestRunner.java:767)
	at org.testng.TestRunner.run(TestRunner.java:617)
	at org.testng.SuiteRunner.runTest(SuiteRunner.java:334)
	at org.testng.SuiteRunner.runSequentially(SuiteRunner.java:329)
	at org.testng.SuiteRunner.privateRun(SuiteRunner.java:291)
	at org.testng.SuiteRunner.run(SuiteRunner.java:240)
	at org.testng.SuiteRunnerWorker.runSuite(SuiteRunnerWorker.java:52)
	at org.testng.SuiteRunnerWorker.run(SuiteRunnerWorker.java:86)
	at org.testng.TestNG.runSuitesSequentially(TestNG.java:1224)
	at org.testng.TestNG.runSuitesLocally(TestNG.java:1149)
	at org.testng.TestNG.run(TestNG.java:1057)
	at org.testng.IDEARemoteTestNG.run(IDEARemoteTestNG.java:74)
	at org.testng.RemoteTestNGStarter.main(RemoteTestNGStarter.java:121)
	at sun.reflect.NativeMethodAccessorImpl.invoke0(Native Method)
	at sun.reflect.NativeMethodAccessorImpl.invoke(NativeMethodAccessorImpl.java:62)
	at sun.reflect.DelegatingMethodAccessorImpl.invoke(DelegatingMethodAccessorImpl.java:43)
	at java.lang.reflect.Method.invoke(Method.java:497)
	at com.intellij.rt.execution.application.AppMain.main(AppMain.java:144)
Caused by: java.lang.RuntimeException: java.lang.AssertionError: Can't find option 'Events'. Please fix allLabelsLocator
	at com.epam.commons.Timer.wait(Timer.java:128)
	at com.epam.jdi.uitests.web.selenium.elements.actions.ActionScenrios.actionScenario(ActionScenrios.java:49)
	at com.epam.jdi.uitests.web.selenium.elements.actions.ActionInvoker.lambda$doJAction$32(ActionInvoker.java:76)
	at com.epam.commons.Timer.lambda$alwaysDoneAction$19(Timer.java:91)
	at com.epam.commons.Timer.wait(Timer.java:123)
	... 36 more
Caused by: java.lang.AssertionError: Can't find option 'Events'. Please fix allLabelsLocator
	at org.testng.Assert.fail(Assert.java:94)
	at com.epam.web.matcher.base.BaseMatcher.assertException(BaseMatcher.java:155)
	at com.epam.web.matcher.base.BaseMatcher.exception(BaseMatcher.java:146)
	at com.epam.jdi.uitests.core.settings.JDISettings.exception(JDISettings.java:91)
	at com.epam.jdi.uitests.web.selenium.elements.complex.BaseSelector.selectFromList(BaseSelector.java:84)
	at com.epam.jdi.uitests.web.selenium.elements.complex.BaseSelector.selectAction(BaseSelector.java:78)
	at com.epam.jdi.uitests.web.selenium.elements.actions.ElementsActions.lambda$select$21(ElementsActions.java:150)
	at com.epam.jdi.uitests.web.selenium.elements.actions.ActionScenrios.lambda$actionScenario$23(ActionScenrios.java:50)
	at com.epam.commons.Timer.wait(Timer.java:123)
	... 40 more
</stack-trace>
            </failure>
            <steps/>
            <attachments/>
            <labels>
                <label name="host" value="EPRUPETW6283"/>
                <label name="thread" value="11696@EPRUPETW6283.main"/>
            </labels>
        </test-case>
    </test-cases>
    <labels>
        <label name="framework" value="TestNG"/>
        <label name="language" value="JAVA"/>
    </labels>
</ns2:test-suite>
